C:\USERS\LENGYUE\DESKTOP\通信服务器的设计\源代码\MOON\DEBUG\MOON.EXE
C:\USERS\LENGYUE\DESKTOP\通信服务器的设计\源代码\MOON\DEBUG\MOON.ILK
C:\USERS\LENGYUE\DESKTOP\通信服务器的设计\源代码\MOON\DEBUG\MOON.PDB
C:\USERS\LENGYUE\DESKTOP\通信服务器的设计\源代码\MOON\MOON\DEBUG\ARRAY_LIST.OBJ
C:\Users\lengyue\Desktop\通信服务器的设计\源代码\Moon\Moon\Debug\cl.command.1.tlog
C:\Users\lengyue\Desktop\通信服务器的设计\源代码\Moon\Moon\Debug\CL.read.1.tlog
C:\Users\lengyue\Desktop\通信服务器的设计\源代码\Moon\Moon\Debug\CL.write.1.tlog
C:\USERS\LENGYUE\DESKTOP\通信服务器的设计\源代码\MOON\MOON\DEBUG\GET_OPT.OBJ
C:\Users\lengyue\Desktop\通信服务器的设计\源代码\Moon\Moon\Debug\link.command.1.tlog
C:\Users\lengyue\Desktop\通信服务器的设计\源代码\Moon\Moon\Debug\link.read.1.tlog
C:\Users\lengyue\Desktop\通信服务器的设计\源代码\Moon\Moon\Debug\link.write.1.tlog
C:\USERS\LENGYUE\DESKTOP\通信服务器的设计\源代码\MOON\MOON\DEBUG\LINK_LIST.OBJ
C:\Users\lengyue\Desktop\通信服务器的设计\源代码\Moon\Moon\Debug\link-cvtres.read.1.tlog
C:\Users\lengyue\Desktop\通信服务器的设计\源代码\Moon\Moon\Debug\link-cvtres.write.1.tlog
C:\USERS\LENGYUE\DESKTOP\通信服务器的设计\源代码\MOON\MOON\DEBUG\MODULE_CFG.OBJ
C:\USERS\LENGYUE\DESKTOP\通信服务器的设计\源代码\MOON\MOON\DEBUG\MODULE_LOG.OBJ
C:\USERS\LENGYUE\DESKTOP\通信服务器的设计\源代码\MOON\MOON\DEBUG\MOON.EXE.EMBED.MANIFEST
C:\USERS\LENGYUE\DESKTOP\通信服务器的设计\源代码\MOON\MOON\DEBUG\MOON.EXE.EMBED.MANIFEST.RES
C:\USERS\LENGYUE\DESKTOP\通信服务器的设计\源代码\MOON\MOON\DEBUG\MOON.EXE.INTERMEDIATE.MANIFEST
C:\USERS\LENGYUE\DESKTOP\通信服务器的设计\源代码\MOON\MOON\DEBUG\MOON.OBJ
C:\USERS\LENGYUE\DESKTOP\通信服务器的设计\源代码\MOON\MOON\DEBUG\MOON.PCH
C:\USERS\LENGYUE\DESKTOP\通信服务器的设计\源代码\MOON\MOON\DEBUG\MOON.RES
C:\Users\lengyue\Desktop\通信服务器的设计\源代码\Moon\Moon\Debug\Moon.write.1.tlog
C:\USERS\LENGYUE\DESKTOP\通信服务器的设计\源代码\MOON\MOON\DEBUG\MOON_CONFIG_STRUCT.OBJ
C:\USERS\LENGYUE\DESKTOP\通信服务器的设计\源代码\MOON\MOON\DEBUG\MOON_HTTP_SERVICE.OBJ
C:\USERS\LENGYUE\DESKTOP\通信服务器的设计\源代码\MOON\MOON\DEBUG\MOON_MAIN.OBJ
C:\USERS\LENGYUE\DESKTOP\通信服务器的设计\源代码\MOON\MOON\DEBUG\MOON_MALLOC.OBJ
C:\Users\lengyue\Desktop\通信服务器的设计\源代码\Moon\Moon\Debug\Moon_manifest.rc
C:\USERS\LENGYUE\DESKTOP\通信服务器的设计\源代码\MOON\MOON\DEBUG\MOON_STRING.OBJ
C:\USERS\LENGYUE\DESKTOP\通信服务器的设计\源代码\MOON\MOON\DEBUG\MOON_THREAD_POOL.OBJ
C:\USERS\LENGYUE\DESKTOP\通信服务器的设计\源代码\MOON\MOON\DEBUG\MS_NT__IOCP.OBJ
C:\USERS\LENGYUE\DESKTOP\通信服务器的设计\源代码\MOON\MOON\DEBUG\MS_SOCKET_CONTEXT.OBJ
C:\Users\lengyue\Desktop\通信服务器的设计\源代码\Moon\Moon\Debug\mt.command.1.tlog
C:\Users\lengyue\Desktop\通信服务器的设计\源代码\Moon\Moon\Debug\mt.read.1.tlog
C:\Users\lengyue\Desktop\通信服务器的设计\源代码\Moon\Moon\Debug\mt.write.1.tlog
C:\USERS\LENGYUE\DESKTOP\通信服务器的设计\源代码\MOON\MOON\DEBUG\QUEUE.OBJ
C:\Users\lengyue\Desktop\通信服务器的设计\源代码\Moon\Moon\Debug\rc.command.1.tlog
C:\Users\lengyue\Desktop\通信服务器的设计\源代码\Moon\Moon\Debug\rc.read.1.tlog
C:\Users\lengyue\Desktop\通信服务器的设计\源代码\Moon\Moon\Debug\rc.write.1.tlog
C:\USERS\LENGYUE\DESKTOP\通信服务器的设计\源代码\MOON\MOON\DEBUG\SERVER.OBJ
C:\USERS\LENGYUE\DESKTOP\通信服务器的设计\源代码\MOON\MOON\DEBUG\STACK.OBJ
C:\USERS\LENGYUE\DESKTOP\通信服务器的设计\源代码\MOON\MOON\DEBUG\STDAFX.OBJ
C:\Users\lengyue\Desktop\通信服务器的设计\源代码\Moon\Moon\Debug\vc100.idb
C:\USERS\LENGYUE\DESKTOP\通信服务器的设计\源代码\MOON\MOON\DEBUG\VC100.PDB
