生成启动时间为 2018/4/29 9:17:16。
     1>项目“C:\Users\lengyue\Desktop\通信服务器的设计\源代码\Moon\Moon\Moon.vcxproj”在节点 2 上(build 个目标)。
     1>InitializeBuildStatus:
         正在创建“Debug\Moon.unsuccessfulbuild”，因为已指定“AlwaysCreate”。
       ClCompile:
         C:\Program Files (x86)\Microsoft Visual Studio 10.0\VC\bin\CL.exe /c /ZI /nologo /W3 /WX- /Od /Oy- /D WIN32 /D _DEBUG /D _CONSOLE /D _UNICODE /D UNICODE /Gm /EHsc /RTC1 /MDd /GS /fp:precise /Zc:wchar_t /Zc:forScope /Yc"StdAfx.h" /Fp"Debug\Moon.pch" /Fo"Debug\\" /Fd"Debug\vc100.pdb" /Gd /TP /analyze- /errorReport:prompt stdafx.cpp
         stdafx.cpp
         C:\Program Files (x86)\Microsoft Visual Studio 10.0\VC\bin\CL.exe /c /ZI /nologo /W3 /WX- /Od /Oy- /D WIN32 /D _DEBUG /D _CONSOLE /D _UNICODE /D UNICODE /Gm /EHsc /RTC1 /MDd /GS /fp:precise /Zc:wchar_t /Zc:forScope /Fo"Debug\\" /Fd"Debug\vc100.pdb" /Gd /TC /analyze- /errorReport:prompt app\get_opt.c app\moon_main.c collection\array_list.c collection\link_list.c collection\queue.c collection\stack.c core\ms_nt__iocp.c core\ms_socket_context.c core\server.c module\module_cfg.c module\module_log.c module\moon_config_struct.c module\moon_http_service.c module\moon_malloc.c module\moon_string.c module\moon_thread_pool.c moon.c
         moon.c
         moon_thread_pool.c
         moon_string.c
     1>c:\users\lengyue\desktop\通信服务器的设计\源代码\moon\moon\module\moon_string.c(78): warning C4244: “+=”: 从“double”转换到“unsigned int”，可能丢失数据
     1>c:\users\lengyue\desktop\通信服务器的设计\源代码\moon\moon\module\moon_string.c(82): warning C4244: “+=”: 从“double”转换到“unsigned int”，可能丢失数据
     1>c:\users\lengyue\desktop\通信服务器的设计\源代码\moon\moon\module\moon_string.c(86): warning C4244: “+=”: 从“double”转换到“unsigned int”，可能丢失数据
     1>c:\users\lengyue\desktop\通信服务器的设计\源代码\moon\moon\module\moon_string.c(90): warning C4244: “+=”: 从“double”转换到“unsigned int”，可能丢失数据
     1>c:\users\lengyue\desktop\通信服务器的设计\源代码\moon\moon\module\moon_string.c(94): warning C4244: “+=”: 从“double”转换到“unsigned int”，可能丢失数据
     1>c:\users\lengyue\desktop\通信服务器的设计\源代码\moon\moon\module\moon_string.c(98): warning C4244: “+=”: 从“double”转换到“unsigned int”，可能丢失数据
     1>c:\users\lengyue\desktop\通信服务器的设计\源代码\moon\moon\module\moon_string.c(102): warning C4244: “+=”: 从“double”转换到“unsigned int”，可能丢失数据
     1>c:\users\lengyue\desktop\通信服务器的设计\源代码\moon\moon\module\moon_string.c(106): warning C4244: “+=”: 从“double”转换到“unsigned int”，可能丢失数据
     1>c:\users\lengyue\desktop\通信服务器的设计\源代码\moon\moon\module\moon_string.c(110): warning C4244: “+=”: 从“double”转换到“unsigned int”，可能丢失数据
     1>c:\users\lengyue\desktop\通信服务器的设计\源代码\moon\moon\module\moon_string.c(114): warning C4244: “+=”: 从“double”转换到“unsigned int”，可能丢失数据
     1>c:\users\lengyue\desktop\通信服务器的设计\源代码\moon\moon\module\moon_string.c(185): warning C4133: “函数”: 从“wchar_t *”到“LPSTR”的类型不兼容
     1>c:\users\lengyue\desktop\通信服务器的设计\源代码\moon\moon\module\moon_string.c(213): warning C4133: “函数”: 从“const moon_char *”到“LPCSTR”的类型不兼容
     1>c:\users\lengyue\desktop\通信服务器的设计\源代码\moon\moon\module\moon_string.c(218): warning C4133: “函数”: 从“const moon_char *”到“LPCSTR”的类型不兼容
     1>c:\users\lengyue\desktop\通信服务器的设计\源代码\moon\moon\module\moon_string.c(231): warning C4133: “函数”: 从“const moon_char *”到“LPCSTR”的类型不兼容
         moon_malloc.c
     1>c:\users\lengyue\desktop\通信服务器的设计\源代码\moon\moon\module\moon_malloc.c(11): warning C4013: “memset”未定义；假设外部返回 int
         moon_http_service.c
     1>c:\users\lengyue\desktop\通信服务器的设计\源代码\moon\moon\module\moon_http_service.c(38): warning C4995: “sprintf”: 名称被标记为 #pragma deprecated
     1>c:\users\lengyue\desktop\通信服务器的设计\源代码\moon\moon\module\moon_http_service.c(38): warning C4996: 'sprintf': This function or variable may be unsafe. Consider using sprintf_s instead. To disable deprecation, use _CRT_SECURE_NO_WARNINGS. See online help for details.
                 c:\program files (x86)\microsoft visual studio 10.0\vc\include\stdio.h(371) : 参见“sprintf”的声明
     1>c:\users\lengyue\desktop\通信服务器的设计\源代码\moon\moon\module\moon_http_service.c(54): warning C4995: “sprintf”: 名称被标记为 #pragma deprecated
     1>c:\users\lengyue\desktop\通信服务器的设计\源代码\moon\moon\module\moon_http_service.c(54): warning C4996: 'sprintf': This function or variable may be unsafe. Consider using sprintf_s instead. To disable deprecation, use _CRT_SECURE_NO_WARNINGS. See online help for details.
                 c:\program files (x86)\microsoft visual studio 10.0\vc\include\stdio.h(371) : 参见“sprintf”的声明
     1>c:\users\lengyue\desktop\通信服务器的设计\源代码\moon\moon\module\moon_http_service.c(58): warning C4995: “sprintf”: 名称被标记为 #pragma deprecated
     1>c:\users\lengyue\desktop\通信服务器的设计\源代码\moon\moon\module\moon_http_service.c(58): warning C4996: 'sprintf': This function or variable may be unsafe. Consider using sprintf_s instead. To disable deprecation, use _CRT_SECURE_NO_WARNINGS. See online help for details.
                 c:\program files (x86)\microsoft visual studio 10.0\vc\include\stdio.h(371) : 参见“sprintf”的声明
     1>c:\users\lengyue\desktop\通信服务器的设计\源代码\moon\moon\module\moon_http_service.c(62): warning C4995: “sprintf”: 名称被标记为 #pragma deprecated
     1>c:\users\lengyue\desktop\通信服务器的设计\源代码\moon\moon\module\moon_http_service.c(62): warning C4996: 'sprintf': This function or variable may be unsafe. Consider using sprintf_s instead. To disable deprecation, use _CRT_SECURE_NO_WARNINGS. See online help for details.
                 c:\program files (x86)\microsoft visual studio 10.0\vc\include\stdio.h(371) : 参见“sprintf”的声明
     1>c:\users\lengyue\desktop\通信服务器的设计\源代码\moon\moon\module\moon_http_service.c(81): warning C4995: “sprintf”: 名称被标记为 #pragma deprecated
     1>c:\users\lengyue\desktop\通信服务器的设计\源代码\moon\moon\module\moon_http_service.c(81): warning C4996: 'sprintf': This function or variable may be unsafe. Consider using sprintf_s instead. To disable deprecation, use _CRT_SECURE_NO_WARNINGS. See online help for details.
                 c:\program files (x86)\microsoft visual studio 10.0\vc\include\stdio.h(371) : 参见“sprintf”的声明
     1>c:\users\lengyue\desktop\通信服务器的设计\源代码\moon\moon\module\moon_http_service.c(82): warning C4995: “strcat”: 名称被标记为 #pragma deprecated
     1>c:\users\lengyue\desktop\通信服务器的设计\源代码\moon\moon\module\moon_http_service.c(82): warning C4996: 'strcat': This function or variable may be unsafe. Consider using strcat_s instead. To disable deprecation, use _CRT_SECURE_NO_WARNINGS. See online help for details.
                 c:\program files (x86)\microsoft visual studio 10.0\vc\include\string.h(110) : 参见“strcat”的声明
     1>c:\users\lengyue\desktop\通信服务器的设计\源代码\moon\moon\module\moon_http_service.c(83): warning C4995: “strcat”: 名称被标记为 #pragma deprecated
     1>c:\users\lengyue\desktop\通信服务器的设计\源代码\moon\moon\module\moon_http_service.c(83): warning C4996: 'strcat': This function or variable may be unsafe. Consider using strcat_s instead. To disable deprecation, use _CRT_SECURE_NO_WARNINGS. See online help for details.
                 c:\program files (x86)\microsoft visual studio 10.0\vc\include\string.h(110) : 参见“strcat”的声明
     1>c:\users\lengyue\desktop\通信服务器的设计\源代码\moon\moon\module\moon_http_service.c(84): warning C4995: “strcat”: 名称被标记为 #pragma deprecated
     1>c:\users\lengyue\desktop\通信服务器的设计\源代码\moon\moon\module\moon_http_service.c(84): warning C4996: 'strcat': This function or variable may be unsafe. Consider using strcat_s instead. To disable deprecation, use _CRT_SECURE_NO_WARNINGS. See online help for details.
                 c:\program files (x86)\microsoft visual studio 10.0\vc\include\string.h(110) : 参见“strcat”的声明
     1>c:\users\lengyue\desktop\通信服务器的设计\源代码\moon\moon\module\moon_http_service.c(85): warning C4995: “sprintf”: 名称被标记为 #pragma deprecated
     1>c:\users\lengyue\desktop\通信服务器的设计\源代码\moon\moon\module\moon_http_service.c(85): warning C4996: 'sprintf': This function or variable may be unsafe. Consider using sprintf_s instead. To disable deprecation, use _CRT_SECURE_NO_WARNINGS. See online help for details.
                 c:\program files (x86)\microsoft visual studio 10.0\vc\include\stdio.h(371) : 参见“sprintf”的声明
     1>c:\users\lengyue\desktop\通信服务器的设计\源代码\moon\moon\module\moon_http_service.c(86): warning C4995: “strcat”: 名称被标记为 #pragma deprecated
     1>c:\users\lengyue\desktop\通信服务器的设计\源代码\moon\moon\module\moon_http_service.c(86): warning C4996: 'strcat': This function or variable may be unsafe. Consider using strcat_s instead. To disable deprecation, use _CRT_SECURE_NO_WARNINGS. See online help for details.
                 c:\program files (x86)\microsoft visual studio 10.0\vc\include\string.h(110) : 参见“strcat”的声明
     1>c:\users\lengyue\desktop\通信服务器的设计\源代码\moon\moon\module\moon_http_service.c(87): warning C4995: “strcat”: 名称被标记为 #pragma deprecated
     1>c:\users\lengyue\desktop\通信服务器的设计\源代码\moon\moon\module\moon_http_service.c(87): warning C4996: 'strcat': This function or variable may be unsafe. Consider using strcat_s instead. To disable deprecation, use _CRT_SECURE_NO_WARNINGS. See online help for details.
                 c:\program files (x86)\microsoft visual studio 10.0\vc\include\string.h(110) : 参见“strcat”的声明
     1>c:\users\lengyue\desktop\通信服务器的设计\源代码\moon\moon\module\moon_http_service.c(88): warning C4995: “strcat”: 名称被标记为 #pragma deprecated
     1>c:\users\lengyue\desktop\通信服务器的设计\源代码\moon\moon\module\moon_http_service.c(88): warning C4996: 'strcat': This function or variable may be unsafe. Consider using strcat_s instead. To disable deprecation, use _CRT_SECURE_NO_WARNINGS. See online help for details.
                 c:\program files (x86)\microsoft visual studio 10.0\vc\include\string.h(110) : 参见“strcat”的声明
     1>c:\users\lengyue\desktop\通信服务器的设计\源代码\moon\moon\module\moon_http_service.c(100): warning C4995: “sprintf”: 名称被标记为 #pragma deprecated
     1>c:\users\lengyue\desktop\通信服务器的设计\源代码\moon\moon\module\moon_http_service.c(100): warning C4996: 'sprintf': This function or variable may be unsafe. Consider using sprintf_s instead. To disable deprecation, use _CRT_SECURE_NO_WARNINGS. See online help for details.
                 c:\program files (x86)\microsoft visual studio 10.0\vc\include\stdio.h(371) : 参见“sprintf”的声明
     1>c:\users\lengyue\desktop\通信服务器的设计\源代码\moon\moon\module\moon_http_service.c(101): warning C4995: “strcat”: 名称被标记为 #pragma deprecated
     1>c:\users\lengyue\desktop\通信服务器的设计\源代码\moon\moon\module\moon_http_service.c(101): warning C4996: 'strcat': This function or variable may be unsafe. Consider using strcat_s instead. To disable deprecation, use _CRT_SECURE_NO_WARNINGS. See online help for details.
                 c:\program files (x86)\microsoft visual studio 10.0\vc\include\string.h(110) : 参见“strcat”的声明
     1>c:\users\lengyue\desktop\通信服务器的设计\源代码\moon\moon\module\moon_http_service.c(102): warning C4995: “strcat”: 名称被标记为 #pragma deprecated
     1>c:\users\lengyue\desktop\通信服务器的设计\源代码\moon\moon\module\moon_http_service.c(102): warning C4996: 'strcat': This function or variable may be unsafe. Consider using strcat_s instead. To disable deprecation, use _CRT_SECURE_NO_WARNINGS. See online help for details.
                 c:\program files (x86)\microsoft visual studio 10.0\vc\include\string.h(110) : 参见“strcat”的声明
     1>c:\users\lengyue\desktop\通信服务器的设计\源代码\moon\moon\module\moon_http_service.c(103): warning C4995: “strcat”: 名称被标记为 #pragma deprecated
     1>c:\users\lengyue\desktop\通信服务器的设计\源代码\moon\moon\module\moon_http_service.c(103): warning C4996: 'strcat': This function or variable may be unsafe. Consider using strcat_s instead. To disable deprecation, use _CRT_SECURE_NO_WARNINGS. See online help for details.
                 c:\program files (x86)\microsoft visual studio 10.0\vc\include\string.h(110) : 参见“strcat”的声明
     1>c:\users\lengyue\desktop\通信服务器的设计\源代码\moon\moon\module\moon_http_service.c(105): warning C4995: “sprintf”: 名称被标记为 #pragma deprecated
     1>c:\users\lengyue\desktop\通信服务器的设计\源代码\moon\moon\module\moon_http_service.c(105): warning C4996: 'sprintf': This function or variable may be unsafe. Consider using sprintf_s instead. To disable deprecation, use _CRT_SECURE_NO_WARNINGS. See online help for details.
                 c:\program files (x86)\microsoft visual studio 10.0\vc\include\stdio.h(371) : 参见“sprintf”的声明
     1>c:\users\lengyue\desktop\通信服务器的设计\源代码\moon\moon\module\moon_http_service.c(106): warning C4995: “strcat”: 名称被标记为 #pragma deprecated
     1>c:\users\lengyue\desktop\通信服务器的设计\源代码\moon\moon\module\moon_http_service.c(106): warning C4996: 'strcat': This function or variable may be unsafe. Consider using strcat_s instead. To disable deprecation, use _CRT_SECURE_NO_WARNINGS. See online help for details.
                 c:\program files (x86)\microsoft visual studio 10.0\vc\include\string.h(110) : 参见“strcat”的声明
     1>c:\users\lengyue\desktop\通信服务器的设计\源代码\moon\moon\module\moon_http_service.c(107): warning C4995: “sprintf”: 名称被标记为 #pragma deprecated
     1>c:\users\lengyue\desktop\通信服务器的设计\源代码\moon\moon\module\moon_http_service.c(107): warning C4996: 'sprintf': This function or variable may be unsafe. Consider using sprintf_s instead. To disable deprecation, use _CRT_SECURE_NO_WARNINGS. See online help for details.
                 c:\program files (x86)\microsoft visual studio 10.0\vc\include\stdio.h(371) : 参见“sprintf”的声明
     1>c:\users\lengyue\desktop\通信服务器的设计\源代码\moon\moon\module\moon_http_service.c(108): warning C4995: “strcat”: 名称被标记为 #pragma deprecated
     1>c:\users\lengyue\desktop\通信服务器的设计\源代码\moon\moon\module\moon_http_service.c(108): warning C4996: 'strcat': This function or variable may be unsafe. Consider using strcat_s instead. To disable deprecation, use _CRT_SECURE_NO_WARNINGS. See online help for details.
                 c:\program files (x86)\microsoft visual studio 10.0\vc\include\string.h(110) : 参见“strcat”的声明
     1>c:\users\lengyue\desktop\通信服务器的设计\源代码\moon\moon\module\moon_http_service.c(110): warning C4995: “strcat”: 名称被标记为 #pragma deprecated
     1>c:\users\lengyue\desktop\通信服务器的设计\源代码\moon\moon\module\moon_http_service.c(110): warning C4996: 'strcat': This function or variable may be unsafe. Consider using strcat_s instead. To disable deprecation, use _CRT_SECURE_NO_WARNINGS. See online help for details.
                 c:\program files (x86)\microsoft visual studio 10.0\vc\include\string.h(110) : 参见“strcat”的声明
     1>c:\users\lengyue\desktop\通信服务器的设计\源代码\moon\moon\module\moon_http_service.c(111): warning C4995: “strcat”: 名称被标记为 #pragma deprecated
     1>c:\users\lengyue\desktop\通信服务器的设计\源代码\moon\moon\module\moon_http_service.c(111): warning C4996: 'strcat': This function or variable may be unsafe. Consider using strcat_s instead. To disable deprecation, use _CRT_SECURE_NO_WARNINGS. See online help for details.
                 c:\program files (x86)\microsoft visual studio 10.0\vc\include\string.h(110) : 参见“strcat”的声明
     1>c:\users\lengyue\desktop\通信服务器的设计\源代码\moon\moon\module\moon_http_service.c(134): warning C4995: “strcat”: 名称被标记为 #pragma deprecated
     1>c:\users\lengyue\desktop\通信服务器的设计\源代码\moon\moon\module\moon_http_service.c(134): warning C4996: 'strcat': This function or variable may be unsafe. Consider using strcat_s instead. To disable deprecation, use _CRT_SECURE_NO_WARNINGS. See online help for details.
                 c:\program files (x86)\microsoft visual studio 10.0\vc\include\string.h(110) : 参见“strcat”的声明
     1>c:\users\lengyue\desktop\通信服务器的设计\源代码\moon\moon\module\moon_http_service.c(136): warning C4996: 'fopen': This function or variable may be unsafe. Consider using fopen_s instead. To disable deprecation, use _CRT_SECURE_NO_WARNINGS. See online help for details.
                 c:\program files (x86)\microsoft visual studio 10.0\vc\include\stdio.h(234) : 参见“fopen”的声明
     1>c:\users\lengyue\desktop\通信服务器的设计\源代码\moon\moon\module\moon_http_service.c(151): warning C4995: “strcpy”: 名称被标记为 #pragma deprecated
     1>c:\users\lengyue\desktop\通信服务器的设计\源代码\moon\moon\module\moon_http_service.c(151): warning C4996: 'strcpy': This function or variable may be unsafe. Consider using strcpy_s instead. To disable deprecation, use _CRT_SECURE_NO_WARNINGS. See online help for details.
                 c:\program files (x86)\microsoft visual studio 10.0\vc\include\string.h(105) : 参见“strcpy”的声明
     1>c:\users\lengyue\desktop\通信服务器的设计\源代码\moon\moon\module\moon_http_service.c(155): warning C4995: “strcpy”: 名称被标记为 #pragma deprecated
     1>c:\users\lengyue\desktop\通信服务器的设计\源代码\moon\moon\module\moon_http_service.c(155): warning C4996: 'strcpy': This function or variable may be unsafe. Consider using strcpy_s instead. To disable deprecation, use _CRT_SECURE_NO_WARNINGS. See online help for details.
                 c:\program files (x86)\microsoft visual studio 10.0\vc\include\string.h(105) : 参见“strcpy”的声明
     1>c:\users\lengyue\desktop\通信服务器的设计\源代码\moon\moon\module\moon_http_service.c(159): warning C4995: “strcpy”: 名称被标记为 #pragma deprecated
     1>c:\users\lengyue\desktop\通信服务器的设计\源代码\moon\moon\module\moon_http_service.c(159): warning C4996: 'strcpy': This function or variable may be unsafe. Consider using strcpy_s instead. To disable deprecation, use _CRT_SECURE_NO_WARNINGS. See online help for details.
                 c:\program files (x86)\microsoft visual studio 10.0\vc\include\string.h(105) : 参见“strcpy”的声明
     1>c:\users\lengyue\desktop\通信服务器的设计\源代码\moon\moon\module\moon_http_service.c(170): warning C4995: “sprintf”: 名称被标记为 #pragma deprecated
     1>c:\users\lengyue\desktop\通信服务器的设计\源代码\moon\moon\module\moon_http_service.c(170): warning C4996: 'sprintf': This function or variable may be unsafe. Consider using sprintf_s instead. To disable deprecation, use _CRT_SECURE_NO_WARNINGS. See online help for details.
                 c:\program files (x86)\microsoft visual studio 10.0\vc\include\stdio.h(371) : 参见“sprintf”的声明
     1>c:\users\lengyue\desktop\通信服务器的设计\源代码\moon\moon\module\moon_http_service.c(235): warning C4995: “sprintf”: 名称被标记为 #pragma deprecated
     1>c:\users\lengyue\desktop\通信服务器的设计\源代码\moon\moon\module\moon_http_service.c(235): warning C4996: 'sprintf': This function or variable may be unsafe. Consider using sprintf_s instead. To disable deprecation, use _CRT_SECURE_NO_WARNINGS. See online help for details.
                 c:\program files (x86)\microsoft visual studio 10.0\vc\include\stdio.h(371) : 参见“sprintf”的声明
     1>c:\users\lengyue\desktop\通信服务器的设计\源代码\moon\moon\module\moon_http_service.c(287): warning C4995: “sprintf”: 名称被标记为 #pragma deprecated
     1>c:\users\lengyue\desktop\通信服务器的设计\源代码\moon\moon\module\moon_http_service.c(287): warning C4996: 'sprintf': This function or variable may be unsafe. Consider using sprintf_s instead. To disable deprecation, use _CRT_SECURE_NO_WARNINGS. See online help for details.
                 c:\program files (x86)\microsoft visual studio 10.0\vc\include\stdio.h(371) : 参见“sprintf”的声明
     1>c:\users\lengyue\desktop\通信服务器的设计\源代码\moon\moon\module\moon_http_service.c(301): warning C4996: 'stricmp': The POSIX name for this item is deprecated. Instead, use the ISO C++ conformant name: _stricmp. See online help for details.
                 c:\program files (x86)\microsoft visual studio 10.0\vc\include\string.h(246) : 参见“stricmp”的声明
     1>c:\users\lengyue\desktop\通信服务器的设计\源代码\moon\moon\module\moon_http_service.c(376): warning C4995: “sprintf”: 名称被标记为 #pragma deprecated
     1>c:\users\lengyue\desktop\通信服务器的设计\源代码\moon\moon\module\moon_http_service.c(376): warning C4996: 'sprintf': This function or variable may be unsafe. Consider using sprintf_s instead. To disable deprecation, use _CRT_SECURE_NO_WARNINGS. See online help for details.
                 c:\program files (x86)\microsoft visual studio 10.0\vc\include\stdio.h(371) : 参见“sprintf”的声明
     1>c:\users\lengyue\desktop\通信服务器的设计\源代码\moon\moon\module\moon_http_service.c(388): warning C4995: “sprintf”: 名称被标记为 #pragma deprecated
     1>c:\users\lengyue\desktop\通信服务器的设计\源代码\moon\moon\module\moon_http_service.c(388): warning C4996: 'sprintf': This function or variable may be unsafe. Consider using sprintf_s instead. To disable deprecation, use _CRT_SECURE_NO_WARNINGS. See online help for details.
                 c:\program files (x86)\microsoft visual studio 10.0\vc\include\stdio.h(371) : 参见“sprintf”的声明
     1>c:\users\lengyue\desktop\通信服务器的设计\源代码\moon\moon\module\moon_http_service.c(395): warning C4995: “sprintf”: 名称被标记为 #pragma deprecated
     1>c:\users\lengyue\desktop\通信服务器的设计\源代码\moon\moon\module\moon_http_service.c(395): warning C4996: 'sprintf': This function or variable may be unsafe. Consider using sprintf_s instead. To disable deprecation, use _CRT_SECURE_NO_WARNINGS. See online help for details.
                 c:\program files (x86)\microsoft visual studio 10.0\vc\include\stdio.h(371) : 参见“sprintf”的声明
     1>c:\users\lengyue\desktop\通信服务器的设计\源代码\moon\moon\module\moon_http_service.c(415): warning C4995: “sprintf”: 名称被标记为 #pragma deprecated
     1>c:\users\lengyue\desktop\通信服务器的设计\源代码\moon\moon\module\moon_http_service.c(415): warning C4996: 'sprintf': This function or variable may be unsafe. Consider using sprintf_s instead. To disable deprecation, use _CRT_SECURE_NO_WARNINGS. See online help for details.
                 c:\program files (x86)\microsoft visual studio 10.0\vc\include\stdio.h(371) : 参见“sprintf”的声明
     1>c:\users\lengyue\desktop\通信服务器的设计\源代码\moon\moon\module\moon_http_service.c(424): warning C4113: “void (__stdcall *)(PTP_CALLBACK_INSTANCE,PVOID,PTP_WORK)”和“PTP_SIMPLE_CALLBACK”的参数列表不同
         moon_config_struct.c
         module_log.c
     1>c:\users\lengyue\desktop\通信服务器的设计\源代码\moon\moon\module\module_log.c(31): warning C4996: 'localtime': This function or variable may be unsafe. Consider using localtime_s instead. To disable deprecation, use _CRT_SECURE_NO_WARNINGS. See online help for details.
                 c:\program files (x86)\microsoft visual studio 10.0\vc\include\time.inl(112) : 参见“localtime”的声明
     1>c:\users\lengyue\desktop\通信服务器的设计\源代码\moon\moon\module\module_log.c(61): warning C4996: 'localtime': This function or variable may be unsafe. Consider using localtime_s instead. To disable deprecation, use _CRT_SECURE_NO_WARNINGS. See online help for details.
                 c:\program files (x86)\microsoft visual studio 10.0\vc\include\time.inl(112) : 参见“localtime”的声明
     1>c:\users\lengyue\desktop\通信服务器的设计\源代码\moon\moon\module\module_log.c(64): warning C4996: 'sprintf': This function or variable may be unsafe. Consider using sprintf_s instead. To disable deprecation, use _CRT_SECURE_NO_WARNINGS. See online help for details.
                 c:\program files (x86)\microsoft visual studio 10.0\vc\include\stdio.h(371) : 参见“sprintf”的声明
     1>c:\users\lengyue\desktop\通信服务器的设计\源代码\moon\moon\module\module_log.c(82): warning C4996: 'fopen': This function or variable may be unsafe. Consider using fopen_s instead. To disable deprecation, use _CRT_SECURE_NO_WARNINGS. See online help for details.
                 c:\program files (x86)\microsoft visual studio 10.0\vc\include\stdio.h(234) : 参见“fopen”的声明
     1>c:\users\lengyue\desktop\通信服务器的设计\源代码\moon\moon\module\module_log.c(125): warning C4013: “moon_malloc”未定义；假设外部返回 int
     1>c:\users\lengyue\desktop\通信服务器的设计\源代码\moon\moon\module\module_log.c(126): warning C4996: 'sprintf': This function or variable may be unsafe. Consider using sprintf_s instead. To disable deprecation, use _CRT_SECURE_NO_WARNINGS. See online help for details.
                 c:\program files (x86)\microsoft visual studio 10.0\vc\include\stdio.h(371) : 参见“sprintf”的声明
     1>c:\users\lengyue\desktop\通信服务器的设计\源代码\moon\moon\module\module_log.c(129): warning C4013: “moon_free”未定义；假设外部返回 int
     1>c:\users\lengyue\desktop\通信服务器的设计\源代码\moon\moon\module\module_log.c(145): warning C4996: 'sprintf': This function or variable may be unsafe. Consider using sprintf_s instead. To disable deprecation, use _CRT_SECURE_NO_WARNINGS. See online help for details.
                 c:\program files (x86)\microsoft visual studio 10.0\vc\include\stdio.h(371) : 参见“sprintf”的声明
     1>c:\users\lengyue\desktop\通信服务器的设计\源代码\moon\moon\module\module_log.c(164): warning C4996: 'sprintf': This function or variable may be unsafe. Consider using sprintf_s instead. To disable deprecation, use _CRT_SECURE_NO_WARNINGS. See online help for details.
                 c:\program files (x86)\microsoft visual studio 10.0\vc\include\stdio.h(371) : 参见“sprintf”的声明
     1>c:\users\lengyue\desktop\通信服务器的设计\源代码\moon\moon\module\module_log.c(183): warning C4996: 'sprintf': This function or variable may be unsafe. Consider using sprintf_s instead. To disable deprecation, use _CRT_SECURE_NO_WARNINGS. See online help for details.
                 c:\program files (x86)\microsoft visual studio 10.0\vc\include\stdio.h(371) : 参见“sprintf”的声明
         module_cfg.c
     1>c:\users\lengyue\desktop\通信服务器的设计\源代码\moon\moon\module\module_cfg.c(15): warning C4013: “moon_get_string_length”未定义；假设外部返回 int
     1>c:\users\lengyue\desktop\通信服务器的设计\源代码\moon\moon\module\module_cfg.c(16): warning C4013: “moon_trim”未定义；假设外部返回 int
     1>c:\users\lengyue\desktop\通信服务器的设计\源代码\moon\moon\module\module_cfg.c(18): warning C4013: “strcmp”未定义；假设外部返回 int
     1>c:\users\lengyue\desktop\通信服务器的设计\源代码\moon\moon\module\module_cfg.c(21): warning C4013: “memset”未定义；假设外部返回 int
     1>c:\users\lengyue\desktop\通信服务器的设计\源代码\moon\moon\module\module_cfg.c(22): warning C4013: “memcpy”未定义；假设外部返回 int
     1>c:\users\lengyue\desktop\通信服务器的设计\源代码\moon\moon\module\module_cfg.c(24): warning C4013: “moon_trim_line”未定义；假设外部返回 int
     1>c:\users\lengyue\desktop\通信服务器的设计\源代码\moon\moon\module\module_cfg.c(26): warning C4013: “stringIsEmpty”未定义；假设外部返回 int
     1>c:\users\lengyue\desktop\通信服务器的设计\源代码\moon\moon\module\module_cfg.c(28): warning C4013: “moon_write_error_log”未定义；假设外部返回 int
     1>c:\users\lengyue\desktop\通信服务器的设计\源代码\moon\moon\module\module_cfg.c(31): warning C4013: “strcpy”未定义；假设外部返回 int
     1>c:\users\lengyue\desktop\通信服务器的设计\源代码\moon\moon\module\module_cfg.c(45): warning C4013: “moon_string_parse_to_int”未定义；假设外部返回 int
     1>c:\users\lengyue\desktop\通信服务器的设计\源代码\moon\moon\module\module_cfg.c(194): warning C4013: “moon_write_info_log”未定义；假设外部返回 int
     1>c:\users\lengyue\desktop\通信服务器的设计\源代码\moon\moon\module\module_cfg.c(196): warning C4996: 'fopen': This function or variable may be unsafe. Consider using fopen_s instead. To disable deprecation, use _CRT_SECURE_NO_WARNINGS. See online help for details.
                 c:\program files (x86)\microsoft visual studio 10.0\vc\include\stdio.h(234) : 参见“fopen”的声明
     1>c:\users\lengyue\desktop\通信服务器的设计\源代码\moon\moon\module\module_cfg.c(201): warning C4013: “moon_malloc”未定义；假设外部返回 int
     1>c:\users\lengyue\desktop\通信服务器的设计\源代码\moon\moon\module\module_cfg.c(215): warning C4013: “strstr”未定义；假设外部返回 int
     1>c:\users\lengyue\desktop\通信服务器的设计\源代码\moon\moon\module\module_cfg.c(215): warning C4047: “!=”:“int”与“void *”的间接级别不同
     1>c:\users\lengyue\desktop\通信服务器的设计\源代码\moon\moon\module\module_cfg.c(220): warning C4996: 'sprintf': This function or variable may be unsafe. Consider using sprintf_s instead. To disable deprecation, use _CRT_SECURE_NO_WARNINGS. See online help for details.
                 c:\program files (x86)\microsoft visual studio 10.0\vc\include\stdio.h(371) : 参见“sprintf”的声明
     1>c:\users\lengyue\desktop\通信服务器的设计\源代码\moon\moon\module\module_cfg.c(222): warning C4013: “moon_free”未定义；假设外部返回 int
     1>c:\users\lengyue\desktop\通信服务器的设计\源代码\moon\moon\module\module_cfg.c(246): warning C4996: 'sprintf': This function or variable may be unsafe. Consider using sprintf_s instead. To disable deprecation, use _CRT_SECURE_NO_WARNINGS. See online help for details.
                 c:\program files (x86)\microsoft visual studio 10.0\vc\include\stdio.h(371) : 参见“sprintf”的声明
     1>c:\users\lengyue\desktop\通信服务器的设计\源代码\moon\moon\module\module_cfg.c(249): warning C4996: 'sprintf': This function or variable may be unsafe. Consider using sprintf_s instead. To disable deprecation, use _CRT_SECURE_NO_WARNINGS. See online help for details.
                 c:\program files (x86)\microsoft visual studio 10.0\vc\include\stdio.h(371) : 参见“sprintf”的声明
     1>c:\users\lengyue\desktop\通信服务器的设计\源代码\moon\moon\module\module_cfg.c(252): warning C4996: 'sprintf': This function or variable may be unsafe. Consider using sprintf_s instead. To disable deprecation, use _CRT_SECURE_NO_WARNINGS. See online help for details.
                 c:\program files (x86)\microsoft visual studio 10.0\vc\include\stdio.h(371) : 参见“sprintf”的声明
     1>c:\users\lengyue\desktop\通信服务器的设计\源代码\moon\moon\module\module_cfg.c(260): warning C4996: 'sprintf': This function or variable may be unsafe. Consider using sprintf_s instead. To disable deprecation, use _CRT_SECURE_NO_WARNINGS. See online help for details.
                 c:\program files (x86)\microsoft visual studio 10.0\vc\include\stdio.h(371) : 参见“sprintf”的声明
     1>c:\users\lengyue\desktop\通信服务器的设计\源代码\moon\moon\module\module_cfg.c(263): warning C4996: 'sprintf': This function or variable may be unsafe. Consider using sprintf_s instead. To disable deprecation, use _CRT_SECURE_NO_WARNINGS. See online help for details.
                 c:\program files (x86)\microsoft visual studio 10.0\vc\include\stdio.h(371) : 参见“sprintf”的声明
     1>c:\users\lengyue\desktop\通信服务器的设计\源代码\moon\moon\module\module_cfg.c(266): warning C4996: 'sprintf': This function or variable may be unsafe. Consider using sprintf_s instead. To disable deprecation, use _CRT_SECURE_NO_WARNINGS. See online help for details.
                 c:\program files (x86)\microsoft visual studio 10.0\vc\include\stdio.h(371) : 参见“sprintf”的声明
         server.c
     1>c:\users\lengyue\desktop\通信服务器的设计\源代码\moon\moon\core\server.c(33): warning C4013: “load_config”未定义；假设外部返回 int
         ms_socket_context.c
     1>c:\users\lengyue\desktop\通信服务器的设计\源代码\moon\moon\core\ms_socket_context.c(43): warning C4018: “<”: 有符号/无符号不匹配
         ms_nt__iocp.c
     1>c:\users\lengyue\desktop\通信服务器的设计\源代码\moon\moon\core\ms_nt__iocp.c(90): warning C4996: 'sprintf': This function or variable may be unsafe. Consider using sprintf_s instead. To disable deprecation, use _CRT_SECURE_NO_WARNINGS. See online help for details.
                 c:\program files (x86)\microsoft visual studio 10.0\vc\include\stdio.h(371) : 参见“sprintf”的声明
     1>c:\users\lengyue\desktop\通信服务器的设计\源代码\moon\moon\core\ms_nt__iocp.c(106): warning C4996: 'sprintf': This function or variable may be unsafe. Consider using sprintf_s instead. To disable deprecation, use _CRT_SECURE_NO_WARNINGS. See online help for details.
                 c:\program files (x86)\microsoft visual studio 10.0\vc\include\stdio.h(371) : 参见“sprintf”的声明
     1>c:\users\lengyue\desktop\通信服务器的设计\源代码\moon\moon\core\ms_nt__iocp.c(134): warning C4996: 'sprintf': This function or variable may be unsafe. Consider using sprintf_s instead. To disable deprecation, use _CRT_SECURE_NO_WARNINGS. See online help for details.
                 c:\program files (x86)\microsoft visual studio 10.0\vc\include\stdio.h(371) : 参见“sprintf”的声明
     1>c:\users\lengyue\desktop\通信服务器的设计\源代码\moon\moon\core\ms_nt__iocp.c(161): warning C4996: 'sprintf': This function or variable may be unsafe. Consider using sprintf_s instead. To disable deprecation, use _CRT_SECURE_NO_WARNINGS. See online help for details.
                 c:\program files (x86)\microsoft visual studio 10.0\vc\include\stdio.h(371) : 参见“sprintf”的声明
     1>c:\users\lengyue\desktop\通信服务器的设计\源代码\moon\moon\core\ms_nt__iocp.c(172): warning C4996: 'sprintf': This function or variable may be unsafe. Consider using sprintf_s instead. To disable deprecation, use _CRT_SECURE_NO_WARNINGS. See online help for details.
                 c:\program files (x86)\microsoft visual studio 10.0\vc\include\stdio.h(371) : 参见“sprintf”的声明
     1>c:\users\lengyue\desktop\通信服务器的设计\源代码\moon\moon\core\ms_nt__iocp.c(206): warning C4133: “函数”: 从“char [8192]”到“const moon_char *”的类型不兼容
     1>c:\users\lengyue\desktop\通信服务器的设计\源代码\moon\moon\core\ms_nt__iocp.c(283): warning C4996: 'sprintf': This function or variable may be unsafe. Consider using sprintf_s instead. To disable deprecation, use _CRT_SECURE_NO_WARNINGS. See online help for details.
                 c:\program files (x86)\microsoft visual studio 10.0\vc\include\stdio.h(371) : 参见“sprintf”的声明
     1>c:\users\lengyue\desktop\通信服务器的设计\源代码\moon\moon\core\ms_nt__iocp.c(377): warning C4996: 'strcpy': This function or variable may be unsafe. Consider using strcpy_s instead. To disable deprecation, use _CRT_SECURE_NO_WARNINGS. See online help for details.
                 c:\program files (x86)\microsoft visual studio 10.0\vc\include\string.h(105) : 参见“strcpy”的声明
     1>c:\users\lengyue\desktop\通信服务器的设计\源代码\moon\moon\core\ms_nt__iocp.c(411): warning C4018: “<”: 有符号/无符号不匹配
     1>c:\users\lengyue\desktop\通信服务器的设计\源代码\moon\moon\core\ms_nt__iocp.c(438): warning C4996: 'sprintf': This function or variable may be unsafe. Consider using sprintf_s instead. To disable deprecation, use _CRT_SECURE_NO_WARNINGS. See online help for details.
                 c:\program files (x86)\microsoft visual studio 10.0\vc\include\stdio.h(371) : 参见“sprintf”的声明
     1>c:\users\lengyue\desktop\通信服务器的设计\源代码\moon\moon\core\ms_nt__iocp.c(469): warning C4996: 'sprintf': This function or variable may be unsafe. Consider using sprintf_s instead. To disable deprecation, use _CRT_SECURE_NO_WARNINGS. See online help for details.
                 c:\program files (x86)\microsoft visual studio 10.0\vc\include\stdio.h(371) : 参见“sprintf”的声明
     1>c:\users\lengyue\desktop\通信服务器的设计\源代码\moon\moon\core\ms_nt__iocp.c(481): warning C4018: “<”: 有符号/无符号不匹配
     1>c:\users\lengyue\desktop\通信服务器的设计\源代码\moon\moon\core\ms_nt__iocp.c(498): warning C4018: “<”: 有符号/无符号不匹配
     1>c:\users\lengyue\desktop\通信服务器的设计\源代码\moon\moon\core\ms_nt__iocp.c(515): warning C4018: “<”: 有符号/无符号不匹配
     1>c:\users\lengyue\desktop\通信服务器的设计\源代码\moon\moon\core\ms_nt__iocp.c(547): warning C4996: 'sprintf': This function or variable may be unsafe. Consider using sprintf_s instead. To disable deprecation, use _CRT_SECURE_NO_WARNINGS. See online help for details.
                 c:\program files (x86)\microsoft visual studio 10.0\vc\include\stdio.h(371) : 参见“sprintf”的声明
     1>c:\users\lengyue\desktop\通信服务器的设计\源代码\moon\moon\core\ms_nt__iocp.c(553): warning C4996: 'sprintf': This function or variable may be unsafe. Consider using sprintf_s instead. To disable deprecation, use _CRT_SECURE_NO_WARNINGS. See online help for details.
                 c:\program files (x86)\microsoft visual studio 10.0\vc\include\stdio.h(371) : 参见“sprintf”的声明
     1>c:\users\lengyue\desktop\通信服务器的设计\源代码\moon\moon\core\ms_nt__iocp.c(561): warning C4996: 'sprintf': This function or variable may be unsafe. Consider using sprintf_s instead. To disable deprecation, use _CRT_SECURE_NO_WARNINGS. See online help for details.
                 c:\program files (x86)\microsoft visual studio 10.0\vc\include\stdio.h(371) : 参见“sprintf”的声明
     1>c:\users\lengyue\desktop\通信服务器的设计\源代码\moon\moon\core\ms_nt__iocp.c(568): warning C4996: 'sprintf': This function or variable may be unsafe. Consider using sprintf_s instead. To disable deprecation, use _CRT_SECURE_NO_WARNINGS. See online help for details.
                 c:\program files (x86)\microsoft visual studio 10.0\vc\include\stdio.h(371) : 参见“sprintf”的声明
     1>c:\users\lengyue\desktop\通信服务器的设计\源代码\moon\moon\core\ms_nt__iocp.c(584): warning C4996: 'sprintf': This function or variable may be unsafe. Consider using sprintf_s instead. To disable deprecation, use _CRT_SECURE_NO_WARNINGS. See online help for details.
                 c:\program files (x86)\microsoft visual studio 10.0\vc\include\stdio.h(371) : 参见“sprintf”的声明
     1>c:\users\lengyue\desktop\通信服务器的设计\源代码\moon\moon\core\ms_nt__iocp.c(593): warning C4996: 'sprintf': This function or variable may be unsafe. Consider using sprintf_s instead. To disable deprecation, use _CRT_SECURE_NO_WARNINGS. See online help for details.
                 c:\program files (x86)\microsoft visual studio 10.0\vc\include\stdio.h(371) : 参见“sprintf”的声明
     1>c:\users\lengyue\desktop\通信服务器的设计\源代码\moon\moon\core\ms_nt__iocp.c(613): warning C4996: 'sprintf': This function or variable may be unsafe. Consider using sprintf_s instead. To disable deprecation, use _CRT_SECURE_NO_WARNINGS. See online help for details.
                 c:\program files (x86)\microsoft visual studio 10.0\vc\include\stdio.h(371) : 参见“sprintf”的声明
     1>c:\users\lengyue\desktop\通信服务器的设计\源代码\moon\moon\core\ms_nt__iocp.c(631): warning C4996: 'sprintf': This function or variable may be unsafe. Consider using sprintf_s instead. To disable deprecation, use _CRT_SECURE_NO_WARNINGS. See online help for details.
                 c:\program files (x86)\microsoft visual studio 10.0\vc\include\stdio.h(371) : 参见“sprintf”的声明
     1>c:\users\lengyue\desktop\通信服务器的设计\源代码\moon\moon\core\ms_nt__iocp.c(747): warning C4018: “<”: 有符号/无符号不匹配
         stack.c
     1>c:\users\lengyue\desktop\通信服务器的设计\源代码\moon\moon\collection\stack.c(29): warning C4018: “<”: 有符号/无符号不匹配
     1>c:\users\lengyue\desktop\通信服务器的设计\源代码\moon\moon\collection\stack.c(60): warning C4018: “<”: 有符号/无符号不匹配
     1>c:\users\lengyue\desktop\通信服务器的设计\源代码\moon\moon\collection\stack.c(103): warning C4018: “>=”: 有符号/无符号不匹配
         queue.c
         link_list.c
     1>c:\users\lengyue\desktop\通信服务器的设计\源代码\moon\moon\collection\link_list.c(65): warning C4018: “>”: 有符号/无符号不匹配
     1>c:\users\lengyue\desktop\通信服务器的设计\源代码\moon\moon\collection\link_list.c(210): warning C4098: “link_list_removeAt”:“void”函数返回值
     1>c:\users\lengyue\desktop\通信服务器的设计\源代码\moon\moon\collection\link_list.c(280): warning C4098: “link_list_clear”:“void”函数返回值
     1>c:\users\lengyue\desktop\通信服务器的设计\源代码\moon\moon\collection\link_list.c(367): warning C4018: “<”: 有符号/无符号不匹配
         array_list.c
     1>c:\users\lengyue\desktop\通信服务器的设计\源代码\moon\moon\collection\array_list.c(80): warning C4018: “>”: 有符号/无符号不匹配
     1>c:\users\lengyue\desktop\通信服务器的设计\源代码\moon\moon\collection\array_list.c(95): warning C4018: “<”: 有符号/无符号不匹配
     1>c:\users\lengyue\desktop\通信服务器的设计\源代码\moon\moon\collection\array_list.c(162): warning C4018: “<”: 有符号/无符号不匹配
     1>c:\users\lengyue\desktop\通信服务器的设计\源代码\moon\moon\collection\array_list.c(200): warning C4018: “<”: 有符号/无符号不匹配
     1>c:\users\lengyue\desktop\通信服务器的设计\源代码\moon\moon\collection\array_list.c(212): warning C4018: “<”: 有符号/无符号不匹配
     1>c:\users\lengyue\desktop\通信服务器的设计\源代码\moon\moon\collection\array_list.c(281): warning C4098: “array_list_clear”:“void”函数返回值
     1>c:\users\lengyue\desktop\通信服务器的设计\源代码\moon\moon\collection\array_list.c(294): warning C4018: “<”: 有符号/无符号不匹配
     1>c:\users\lengyue\desktop\通信服务器的设计\源代码\moon\moon\collection\array_list.c(360): warning C4018: “<”: 有符号/无符号不匹配
         moon_main.c
     1>c:\users\lengyue\desktop\通信服务器的设计\源代码\moon\moon\app\moon_main.c(11): warning C4013: “getchar”未定义；假设外部返回 int
         get_opt.c
         正在生成代码...
     1>c:\users\lengyue\desktop\通信服务器的设计\源代码\moon\moon\module\module_cfg.c(184): warning C4715: “getValue”: 不是所有的控件路径都返回值
     1>c:\users\lengyue\desktop\通信服务器的设计\源代码\moon\moon\module\moon_http_service.c(454): warning C4715: “lauch_http_service”: 不是所有的控件路径都返回值
     1>c:\users\lengyue\desktop\通信服务器的设计\源代码\moon\moon\module\moon_http_service.c(469): warning C4716: “end_http_service”: 必须返回一个值
       ResourceCompile:
         C:\Program Files (x86)\Microsoft SDKs\Windows\v7.0A\bin\rc.exe /D _UNICODE /D UNICODE /l"0x0409" /nologo /fo"Debug\Moon.res" Moon.rc 
       ManifestResourceCompile:
         C:\Program Files (x86)\Microsoft SDKs\Windows\v7.0A\bin\rc.exe /nologo /fo"Debug\Moon.exe.embed.manifest.res" Debug\Moon_manifest.rc 
       Link:
         C:\Program Files (x86)\Microsoft Visual Studio 10.0\VC\bin\link.exe /ERRORREPORT:PROMPT /OUT:"C:\Users\lengyue\Desktop\通信服务器的设计\源代码\Moon\Debug\Moon.exe" /INCREMENTAL /NOLOGO kernel32.lib user32.lib gdi32.lib winspool.lib comdlg32.lib advapi32.lib shell32.lib ole32.lib oleaut32.lib uuid.lib odbc32.lib odbccp32.lib /MANIFEST /ManifestFile:"Debug\Moon.exe.intermediate.manifest" /MANIFESTUAC:"level='asInvoker' uiAccess='false'" /DEBUG /PDB:"C:\Users\lengyue\Desktop\通信服务器的设计\源代码\Moon\Debug\Moon.pdb" /SUBSYSTEM:CONSOLE /TLBID:1 /DYNAMICBASE /NXCOMPAT /IMPLIB:"C:\Users\lengyue\Desktop\通信服务器的设计\源代码\Moon\Debug\Moon.lib" /MACHINE:X86 Debug\Moon.res
         Debug\Moon.exe.embed.manifest.res
         Debug\get_opt.obj
         Debug\moon_main.obj
         Debug\array_list.obj
         Debug\link_list.obj
         Debug\queue.obj
         Debug\stack.obj
         Debug\ms_nt__iocp.obj
         Debug\ms_socket_context.obj
         Debug\server.obj
         Debug\module_cfg.obj
         Debug\module_log.obj
         Debug\moon_config_struct.obj
         Debug\moon_http_service.obj
         Debug\moon_malloc.obj
         Debug\moon_string.obj
         Debug\moon_thread_pool.obj
         Debug\moon.obj
         Debug\stdafx.obj
       Manifest:
         C:\Program Files (x86)\Microsoft SDKs\Windows\v7.0A\bin\mt.exe /nologo /verbose /out:"Debug\Moon.exe.embed.manifest" /manifest Debug\Moon.exe.intermediate.manifest
         C:\Program Files (x86)\Microsoft SDKs\Windows\v7.0A\bin\rc.exe /nologo /fo"Debug\Moon.exe.embed.manifest.res" Debug\Moon_manifest.rc 
       LinkEmbedManifest:
         C:\Program Files (x86)\Microsoft Visual Studio 10.0\VC\bin\link.exe /ERRORREPORT:PROMPT /OUT:"C:\Users\lengyue\Desktop\通信服务器的设计\源代码\Moon\Debug\Moon.exe" /INCREMENTAL /NOLOGO kernel32.lib user32.lib gdi32.lib winspool.lib comdlg32.lib advapi32.lib shell32.lib ole32.lib oleaut32.lib uuid.lib odbc32.lib odbccp32.lib /MANIFEST /ManifestFile:"Debug\Moon.exe.intermediate.manifest" /MANIFESTUAC:"level='asInvoker' uiAccess='false'" /DEBUG /PDB:"C:\Users\lengyue\Desktop\通信服务器的设计\源代码\Moon\Debug\Moon.pdb" /SUBSYSTEM:CONSOLE /TLBID:1 /DYNAMICBASE /NXCOMPAT /IMPLIB:"C:\Users\lengyue\Desktop\通信服务器的设计\源代码\Moon\Debug\Moon.lib" /MACHINE:X86 Debug\Moon.res
         Debug\Moon.exe.embed.manifest.res
         Debug\get_opt.obj
         Debug\moon_main.obj
         Debug\array_list.obj
         Debug\link_list.obj
         Debug\queue.obj
         Debug\stack.obj
         Debug\ms_nt__iocp.obj
         Debug\ms_socket_context.obj
         Debug\server.obj
         Debug\module_cfg.obj
         Debug\module_log.obj
         Debug\moon_config_struct.obj
         Debug\moon_http_service.obj
         Debug\moon_malloc.obj
         Debug\moon_string.obj
         Debug\moon_thread_pool.obj
         Debug\moon.obj
         Debug\stdafx.obj
         Moon.vcxproj -> C:\Users\lengyue\Desktop\通信服务器的设计\源代码\Moon\Debug\Moon.exe
       FinalizeBuildStatus:
         正在删除文件“Debug\Moon.unsuccessfulbuild”。
         正在对“Debug\Moon.lastbuildstate”执行 Touch 任务。
     1>已完成生成项目“C:\Users\lengyue\Desktop\通信服务器的设计\源代码\Moon\Moon\Moon.vcxproj”(build 个目标)的操作。

生成成功。

已用时间 00:00:03.94
